<?xml version="1.0" encoding="UTF-8" standalone="yes"?><!DOCTYPE report PUBLIC "-//JACOCO//DTD Report 1.1//EN" "report.dtd"><report name="waiver-petition-assignment"><sessioninfo id="harsh-9a583d46" start="1757355655027" dump="1757355657603"/><package name="intervals"><class name="intervals/IntervalTree$IntervalNode" sourcefilename="IntervalTree.java"><method name="&lt;init&gt;" desc="(Lintervals/Interval;)V" line="27"><counter type="INSTRUCTION" missed="0" covered="6"/><counter type="LINE" missed="0" covered="3"/><counter type="COMPLEXITY" missed="0" covered="1"/><counter type="METHOD" missed="0" covered="1"/></method><method name="evaluate" desc="()Lintervals/Interval;" line="33"><counter type="INSTRUCTION" missed="0" covered="3"/><counter type="LINE" missed="0" covered="1"/><counter type="COMPLEXITY" missed="0" covered="1"/><counter type="METHOD" missed="0" covered="1"/></method><method name="textTree" desc="(Ljava/lang/String;Z)Ljava/lang/String;" line="38"><counter type="INSTRUCTION" missed="0" covered="4"/><counter type="LINE" missed="0" covered="1"/><counter type="COMPLEXITY" missed="0" covered="1"/><counter type="METHOD" missed="0" covered="1"/></method><method name="getHeight" desc="()I" line="43"><counter type="INSTRUCTION" missed="2" covered="0"/><counter type="LINE" missed="1" covered="0"/><counter type="COMPLEXITY" missed="1" covered="0"/><counter type="METHOD" missed="1" covered="0"/></method><counter type="INSTRUCTION" missed="2" covered="13"/><counter type="LINE" missed="1" covered="5"/><counter type="COMPLEXITY" missed="1" covered="3"/><counter type="METHOD" missed="1" covered="3"/><counter type="CLASS" missed="0" covered="1"/></class><class name="intervals/IntervalTree" sourcefilename="IntervalTree.java"><method name="&lt;init&gt;" desc="(Ljava/lang/String;)V" line="124"><counter type="INSTRUCTION" missed="0" covered="20"/><counter type="BRANCH" missed="0" covered="4"/><counter type="LINE" missed="0" covered="5"/><counter type="COMPLEXITY" missed="0" covered="3"/><counter type="METHOD" missed="0" covered="1"/></method><method name="parsePostfix" desc="(Ljava/lang/String;)Lintervals/IntervalTree$Node;" line="139"><counter type="INSTRUCTION" missed="5" covered="91"/><counter type="BRANCH" missed="1" covered="9"/><counter type="LINE" missed="1" covered="19"/><counter type="COMPLEXITY" missed="1" covered="5"/><counter type="METHOD" missed="0" covered="1"/></method><method name="parseInterval" desc="(Ljava/lang/String;)Lintervals/Interval;" line="186"><counter type="INSTRUCTION" missed="0" covered="71"/><counter type="BRANCH" missed="0" covered="8"/><counter type="LINE" missed="0" covered="14"/><counter type="COMPLEXITY" missed="0" covered="5"/><counter type="METHOD" missed="0" covered="1"/></method><method name="isOperator" desc="(Ljava/lang/String;)Z" line="220"><counter type="INSTRUCTION" missed="0" covered="12"/><counter type="BRANCH" missed="0" covered="4"/><counter type="LINE" missed="0" covered="1"/><counter type="COMPLEXITY" missed="0" covered="3"/><counter type="METHOD" missed="0" covered="1"/></method><method name="evaluate" desc="()Lintervals/Interval;" line="225"><counter type="INSTRUCTION" missed="0" covered="4"/><counter type="LINE" missed="0" covered="1"/><counter type="COMPLEXITY" missed="0" covered="1"/><counter type="METHOD" missed="0" covered="1"/></method><method name="textTree" desc="()Ljava/lang/String;" line="230"><counter type="INSTRUCTION" missed="0" covered="6"/><counter type="LINE" missed="0" covered="1"/><counter type="COMPLEXITY" missed="0" covered="1"/><counter type="METHOD" missed="0" covered="1"/></method><counter type="INSTRUCTION" missed="5" covered="204"/><counter type="BRANCH" missed="1" covered="25"/><counter type="LINE" missed="1" covered="41"/><counter type="COMPLEXITY" missed="1" covered="18"/><counter type="METHOD" missed="0" covered="6"/><counter type="CLASS" missed="0" covered="1"/></class><class name="intervals/Intervals" sourcefilename="Intervals.java"/><class name="intervals/Interval" sourcefilename="Interval.java"><method name="&lt;init&gt;" desc="(II)V" line="18"><counter type="INSTRUCTION" missed="0" covered="17"/><counter type="BRANCH" missed="0" covered="2"/><counter type="LINE" missed="0" covered="6"/><counter type="COMPLEXITY" missed="0" covered="2"/><counter type="METHOD" missed="0" covered="1"/></method><method name="intersect" desc="(Lintervals/Interval;)Lintervals/Interval;" line="36"><counter type="INSTRUCTION" missed="0" covered="25"/><counter type="BRANCH" missed="0" covered="2"/><counter type="LINE" missed="0" covered="5"/><counter type="COMPLEXITY" missed="0" covered="2"/><counter type="METHOD" missed="0" covered="1"/></method><method name="union" desc="(Lintervals/Interval;)Lintervals/Interval;" line="51"><counter type="INSTRUCTION" missed="0" covered="14"/><counter type="LINE" missed="0" covered="1"/><counter type="COMPLEXITY" missed="0" covered="1"/><counter type="METHOD" missed="0" covered="1"/></method><method name="toString" desc="()Ljava/lang/String;" line="60"><counter type="INSTRUCTION" missed="0" covered="6"/><counter type="LINE" missed="0" covered="1"/><counter type="COMPLEXITY" missed="0" covered="1"/><counter type="METHOD" missed="0" covered="1"/></method><method name="equals" desc="(Ljava/lang/Object;)Z" line="71"><counter type="INSTRUCTION" missed="5" covered="22"/><counter type="BRANCH" missed="4" covered="4"/><counter type="LINE" missed="2" covered="4"/><counter type="COMPLEXITY" missed="4" covered="1"/><counter type="METHOD" missed="0" covered="1"/></method><method name="hashCode" desc="()I" line="88"><counter type="INSTRUCTION" missed="16" covered="0"/><counter type="LINE" missed="1" covered="0"/><counter type="COMPLEXITY" missed="1" covered="0"/><counter type="METHOD" missed="1" covered="0"/></method><counter type="INSTRUCTION" missed="21" covered="84"/><counter type="BRANCH" missed="4" covered="8"/><counter type="LINE" missed="3" covered="17"/><counter type="COMPLEXITY" missed="5" covered="7"/><counter type="METHOD" missed="1" covered="5"/><counter type="CLASS" missed="0" covered="1"/></class><class name="intervals/IntervalTree$Node" sourcefilename="IntervalTree.java"/><class name="intervals/IntervalTree$OperatorNode" sourcefilename="IntervalTree.java"><method name="&lt;init&gt;" desc="(Ljava/lang/String;Lintervals/IntervalTree$Node;Lintervals/IntervalTree$Node;)V" line="55"><counter type="INSTRUCTION" missed="0" covered="12"/><counter type="LINE" missed="0" covered="5"/><counter type="COMPLEXITY" missed="0" covered="1"/><counter type="METHOD" missed="0" covered="1"/></method><method name="evaluate" desc="()Lintervals/Interval;" line="63"><counter type="INSTRUCTION" missed="7" covered="25"/><counter type="BRANCH" missed="1" covered="2"/><counter type="LINE" missed="1" covered="5"/><counter type="COMPLEXITY" missed="1" covered="2"/><counter type="METHOD" missed="0" covered="1"/></method><method name="textTree" desc="(Ljava/lang/String;Z)Ljava/lang/String;" line="79"><counter type="INSTRUCTION" missed="0" covered="74"/><counter type="BRANCH" missed="1" covered="1"/><counter type="LINE" missed="0" covered="14"/><counter type="COMPLEXITY" missed="1" covered="1"/><counter type="METHOD" missed="0" covered="1"/></method><method name="getHeight" desc="()I" line="113"><counter type="INSTRUCTION" missed="10" covered="0"/><counter type="LINE" missed="1" covered="0"/><counter type="COMPLEXITY" missed="1" covered="0"/><counter type="METHOD" missed="1" covered="0"/></method><counter type="INSTRUCTION" missed="17" covered="111"/><counter type="BRANCH" missed="2" covered="3"/><counter type="LINE" missed="2" covered="24"/><counter type="COMPLEXITY" missed="3" covered="4"/><counter type="METHOD" missed="1" covered="3"/><counter type="CLASS" missed="0" covered="1"/></class><sourcefile name="IntervalTree.java"><line nr="27" mi="0" ci="2" mb="0" cb="0"/><line nr="28" mi="0" ci="3" mb="0" cb="0"/><line nr="29" mi="0" ci="1" mb="0" cb="0"/><line nr="33" mi="0" ci="3" mb="0" cb="0"/><line nr="38" mi="0" ci="4" mb="0" cb="0"/><line nr="43" mi="2" ci="0" mb="0" cb="0"/><line nr="55" mi="0" ci="2" mb="0" cb="0"/><line nr="56" mi="0" ci="3" mb="0" cb="0"/><line nr="57" mi="0" ci="3" mb="0" cb="0"/><line nr="58" mi="0" ci="3" mb="0" cb="0"/><line nr="59" mi="0" ci="1" mb="0" cb="0"/><line nr="63" mi="0" ci="4" mb="0" cb="0"/><line nr="64" mi="0" ci="4" mb="0" cb="0"/><line nr="66" mi="0" ci="9" mb="1" cb="2"/><line nr="68" mi="0" ci="4" mb="0" cb="0"/><line nr="70" mi="0" ci="4" mb="0" cb="0"/><line nr="73" mi="7" ci="0" mb="0" cb="0"/><line nr="79" mi="0" ci="4" mb="0" cb="0"/><line nr="82" mi="0" ci="7" mb="0" cb="0"/><line nr="85" mi="0" ci="6" mb="0" cb="0"/><line nr="86" mi="0" ci="6" mb="0" cb="0"/><line nr="89" mi="0" ci="6" mb="0" cb="0"/><line nr="90" mi="0" ci="7" mb="0" cb="0"/><line nr="91" mi="0" ci="4" mb="0" cb="0"/><line nr="94" mi="0" ci="4" mb="1" cb="1"/><line nr="95" mi="0" ci="4" mb="0" cb="0"/><line nr="99" mi="0" ci="6" mb="0" cb="0"/><line nr="102" mi="0" ci="6" mb="0" cb="0"/><line nr="103" mi="0" ci="7" mb="0" cb="0"/><line nr="104" mi="0" ci="4" mb="0" cb="0"/><line nr="108" mi="0" ci="3" mb="0" cb="0"/><line nr="113" mi="10" ci="0" mb="0" cb="0"/><line nr="124" mi="0" ci="2" mb="0" cb="0"/><line nr="125" mi="0" ci="6" mb="0" cb="4"/><line nr="126" mi="0" ci="5" mb="0" cb="0"/><line nr="129" mi="0" ci="6" mb="0" cb="0"/><line nr="130" mi="0" ci="1" mb="0" cb="0"/><line nr="139" mi="0" ci="4" mb="0" cb="0"/><line nr="140" mi="0" ci="4" mb="0" cb="0"/><line nr="142" mi="0" ci="16" mb="0" cb="2"/><line nr="143" mi="0" ci="4" mb="0" cb="2"/><line nr="145" mi="0" ci="4" mb="0" cb="2"/><line nr="146" mi="0" ci="6" mb="0" cb="0"/><line nr="150" mi="0" ci="4" mb="0" cb="0"/><line nr="151" mi="0" ci="4" mb="0" cb="0"/><line nr="152" mi="0" ci="9" mb="0" cb="0"/><line nr="153" mi="0" ci="1" mb="0" cb="0"/><line nr="156" mi="0" ci="4" mb="0" cb="0"/><line nr="157" mi="0" ci="7" mb="0" cb="0"/><line nr="158" mi="0" ci="1" mb="0" cb="0"/><line nr="159" mi="0" ci="6" mb="0" cb="0"/><line nr="160" mi="0" ci="1" mb="0" cb="0"/><line nr="165" mi="0" ci="4" mb="0" cb="2"/><line nr="166" mi="0" ci="3" mb="1" cb="1"/><line nr="167" mi="5" ci="0" mb="0" cb="0"/><line nr="169" mi="0" ci="5" mb="0" cb="0"/><line nr="174" mi="0" ci="4" mb="0" cb="0"/><line nr="186" mi="0" ci="4" mb="0" cb="0"/><line nr="187" mi="0" ci="3" mb="0" cb="2"/><line nr="188" mi="0" ci="6" mb="0" cb="0"/><line nr="192" mi="0" ci="8" mb="0" cb="2"/><line nr="193" mi="0" ci="6" mb="0" cb="0"/><line nr="197" mi="0" ci="6" mb="0" cb="0"/><line nr="198" mi="0" ci="7" mb="0" cb="0"/><line nr="201" mi="0" ci="6" mb="0" cb="4"/><line nr="202" mi="0" ci="6" mb="0" cb="0"/><line nr="206" mi="0" ci="3" mb="0" cb="0"/><line nr="207" mi="0" ci="3" mb="0" cb="0"/><line nr="208" mi="0" ci="6" mb="0" cb="0"/><line nr="209" mi="0" ci="1" mb="0" cb="0"/><line nr="210" mi="0" ci="6" mb="0" cb="0"/><line nr="220" mi="0" ci="12" mb="0" cb="4"/><line nr="225" mi="0" ci="4" mb="0" cb="0"/><line nr="230" mi="0" ci="6" mb="0" cb="0"/><counter type="INSTRUCTION" missed="24" covered="328"/><counter type="BRANCH" missed="3" covered="28"/><counter type="LINE" missed="4" covered="70"/><counter type="COMPLEXITY" missed="5" covered="25"/><counter type="METHOD" missed="2" covered="12"/><counter type="CLASS" missed="0" covered="3"/></sourcefile><sourcefile name="Interval.java"><line nr="18" mi="0" ci="2" mb="0" cb="0"/><line nr="19" mi="0" ci="3" mb="0" cb="2"/><line nr="20" mi="0" ci="5" mb="0" cb="0"/><line nr="22" mi="0" ci="3" mb="0" cb="0"/><line nr="23" mi="0" ci="3" mb="0" cb="0"/><line nr="24" mi="0" ci="1" mb="0" cb="0"/><line nr="36" mi="0" ci="6" mb="0" cb="0"/><line nr="37" mi="0" ci="6" mb="0" cb="0"/><line nr="38" mi="0" ci="3" mb="0" cb="2"/><line nr="39" mi="0" ci="4" mb="0" cb="0"/><line nr="41" mi="0" ci="6" mb="0" cb="0"/><line nr="51" mi="0" ci="14" mb="0" cb="0"/><line nr="60" mi="0" ci="6" mb="0" cb="0"/><line nr="71" mi="0" ci="3" mb="1" cb="1"/><line nr="72" mi="2" ci="0" mb="0" cb="0"/><line nr="75" mi="0" ci="3" mb="1" cb="1"/><line nr="76" mi="2" ci="0" mb="0" cb="0"/><line nr="78" mi="0" ci="3" mb="0" cb="0"/><line nr="79" mi="1" ci="13" mb="2" cb="2"/><line nr="88" mi="16" ci="0" mb="0" cb="0"/><counter type="INSTRUCTION" missed="21" covered="84"/><counter type="BRANCH" missed="4" covered="8"/><counter type="LINE" missed="3" covered="17"/><counter type="COMPLEXITY" missed="5" covered="7"/><counter type="METHOD" missed="1" covered="5"/><counter type="CLASS" missed="0" covered="1"/></sourcefile><sourcefile name="Intervals.java"/><counter type="INSTRUCTION" missed="45" covered="412"/><counter type="BRANCH" missed="7" covered="36"/><counter type="LINE" missed="7" covered="87"/><counter type="COMPLEXITY" missed="10" covered="32"/><counter type="METHOD" missed="3" covered="17"/><counter type="CLASS" missed="0" covered="4"/></package><package name="expression"><class name="expression/ExpressionTree$Node" sourcefilename="ExpressionTree.java"/><class name="expression/Expression" sourcefilename="Expression.java"/><class name="expression/ExpressionTree$NumberNode" sourcefilename="ExpressionTree.java"><method name="&lt;init&gt;" desc="(D)V" line="29"><counter type="INSTRUCTION" missed="0" covered="6"/><counter type="LINE" missed="0" covered="3"/><counter type="COMPLEXITY" missed="0" covered="1"/><counter type="METHOD" missed="0" covered="1"/></method><method name="evaluate" desc="()D" line="35"><counter type="INSTRUCTION" missed="0" covered="3"/><counter type="LINE" missed="0" covered="1"/><counter type="COMPLEXITY" missed="0" covered="1"/><counter type="METHOD" missed="0" covered="1"/></method><method name="infix" desc="()Ljava/lang/String;" line="41"><counter type="INSTRUCTION" missed="0" covered="26"/><counter type="BRANCH" missed="1" covered="3"/><counter type="LINE" missed="0" covered="3"/><counter type="COMPLEXITY" missed="1" covered="2"/><counter type="METHOD" missed="0" covered="1"/></method><method name="schemeExpression" desc="()Ljava/lang/String;" line="50"><counter type="INSTRUCTION" missed="0" covered="26"/><counter type="BRANCH" missed="1" covered="3"/><counter type="LINE" missed="0" covered="3"/><counter type="COMPLEXITY" missed="1" covered="2"/><counter type="METHOD" missed="0" covered="1"/></method><method name="textTree" desc="(Ljava/lang/String;Z)Ljava/lang/String;" line="59"><counter type="INSTRUCTION" missed="0" covered="26"/><counter type="BRANCH" missed="1" covered="3"/><counter type="LINE" missed="0" covered="3"/><counter type="COMPLEXITY" missed="1" covered="2"/><counter type="METHOD" missed="0" covered="1"/></method><method name="getHeight" desc="()I" line="67"><counter type="INSTRUCTION" missed="2" covered="0"/><counter type="LINE" missed="1" covered="0"/><counter type="COMPLEXITY" missed="1" covered="0"/><counter type="METHOD" missed="1" covered="0"/></method><counter type="INSTRUCTION" missed="2" covered="87"/><counter type="BRANCH" missed="3" covered="9"/><counter type="LINE" missed="1" covered="13"/><counter type="COMPLEXITY" missed="4" covered="8"/><counter type="METHOD" missed="1" covered="5"/><counter type="CLASS" missed="0" covered="1"/></class><class name="expression/ExpressionTree$OperatorNode" sourcefilename="ExpressionTree.java"><method name="&lt;init&gt;" desc="(Ljava/lang/String;Lexpression/ExpressionTree$Node;Lexpression/ExpressionTree$Node;)V" line="79"><counter type="INSTRUCTION" missed="0" covered="12"/><counter type="LINE" missed="0" covered="5"/><counter type="COMPLEXITY" missed="0" covered="1"/><counter type="METHOD" missed="0" covered="1"/></method><method name="evaluate" desc="()D" line="87"><counter type="INSTRUCTION" missed="7" covered="42"/><counter type="BRANCH" missed="1" covered="6"/><counter type="LINE" missed="1" covered="9"/><counter type="COMPLEXITY" missed="1" covered="5"/><counter type="METHOD" missed="0" covered="1"/></method><method name="infix" desc="()Ljava/lang/String;" line="110"><counter type="INSTRUCTION" missed="0" covered="10"/><counter type="LINE" missed="0" covered="1"/><counter type="COMPLEXITY" missed="0" covered="1"/><counter type="METHOD" missed="0" covered="1"/></method><method name="schemeExpression" desc="()Ljava/lang/String;" line="115"><counter type="INSTRUCTION" missed="0" covered="10"/><counter type="LINE" missed="0" covered="2"/><counter type="COMPLEXITY" missed="0" covered="1"/><counter type="METHOD" missed="0" covered="1"/></method><method name="textTree" desc="(Ljava/lang/String;Z)Ljava/lang/String;" line="121"><counter type="INSTRUCTION" missed="0" covered="74"/><counter type="BRANCH" missed="1" covered="1"/><counter type="LINE" missed="0" covered="14"/><counter type="COMPLEXITY" missed="1" covered="1"/><counter type="METHOD" missed="0" covered="1"/></method><method name="getHeight" desc="()I" line="155"><counter type="INSTRUCTION" missed="10" covered="0"/><counter type="LINE" missed="1" covered="0"/><counter type="COMPLEXITY" missed="1" covered="0"/><counter type="METHOD" missed="1" covered="0"/></method><counter type="INSTRUCTION" missed="17" covered="148"/><counter type="BRANCH" missed="2" covered="7"/><counter type="LINE" missed="2" covered="31"/><counter type="COMPLEXITY" missed="3" covered="9"/><counter type="METHOD" missed="1" covered="5"/><counter type="CLASS" missed="0" covered="1"/></class><class name="expression/ExpressionTree" sourcefilename="ExpressionTree.java"><method name="&lt;init&gt;" desc="(Ljava/lang/String;)V" line="166"><counter type="INSTRUCTION" missed="0" covered="20"/><counter type="BRANCH" missed="0" covered="4"/><counter type="LINE" missed="0" covered="5"/><counter type="COMPLEXITY" missed="0" covered="3"/><counter type="METHOD" missed="0" covered="1"/></method><method name="parsePostfix" desc="(Ljava/lang/String;)Lexpression/ExpressionTree$Node;" line="181"><counter type="INSTRUCTION" missed="5" covered="90"/><counter type="BRANCH" missed="1" covered="9"/><counter type="LINE" missed="1" covered="19"/><counter type="COMPLEXITY" missed="1" covered="5"/><counter type="METHOD" missed="0" covered="1"/></method><method name="isOperator" desc="(Ljava/lang/String;)Z" line="225"><counter type="INSTRUCTION" missed="0" covered="20"/><counter type="BRANCH" missed="0" covered="8"/><counter type="LINE" missed="0" covered="2"/><counter type="COMPLEXITY" missed="0" covered="5"/><counter type="METHOD" missed="0" covered="1"/></method><method name="evaluate" desc="()D" line="231"><counter type="INSTRUCTION" missed="0" covered="4"/><counter type="LINE" missed="0" covered="1"/><counter type="COMPLEXITY" missed="0" covered="1"/><counter type="METHOD" missed="0" covered="1"/></method><method name="infix" desc="()Ljava/lang/String;" line="236"><counter type="INSTRUCTION" missed="0" covered="4"/><counter type="LINE" missed="0" covered="1"/><counter type="COMPLEXITY" missed="0" covered="1"/><counter type="METHOD" missed="0" covered="1"/></method><method name="schemeExpression" desc="()Ljava/lang/String;" line="241"><counter type="INSTRUCTION" missed="0" covered="4"/><counter type="LINE" missed="0" covered="1"/><counter type="COMPLEXITY" missed="0" covered="1"/><counter type="METHOD" missed="0" covered="1"/></method><method name="textTree" desc="()Ljava/lang/String;" line="246"><counter type="INSTRUCTION" missed="0" covered="6"/><counter type="LINE" missed="0" covered="1"/><counter type="COMPLEXITY" missed="0" covered="1"/><counter type="METHOD" missed="0" covered="1"/></method><counter type="INSTRUCTION" missed="5" covered="148"/><counter type="BRANCH" missed="1" covered="21"/><counter type="LINE" missed="1" covered="30"/><counter type="COMPLEXITY" missed="1" covered="17"/><counter type="METHOD" missed="0" covered="7"/><counter type="CLASS" missed="0" covered="1"/></class><sourcefile name="ExpressionTree.java"><line nr="29" mi="0" ci="2" mb="0" cb="0"/><line nr="30" mi="0" ci="3" mb="0" cb="0"/><line nr="31" mi="0" ci="1" mb="0" cb="0"/><line nr="35" mi="0" ci="3" mb="0" cb="0"/><line nr="41" mi="0" ci="11" mb="1" cb="3"/><line nr="42" mi="0" ci="11" mb="0" cb="0"/><line nr="44" mi="0" ci="4" mb="0" cb="0"/><line nr="50" mi="0" ci="11" mb="1" cb="3"/><line nr="51" mi="0" ci="11" mb="0" cb="0"/><line nr="53" mi="0" ci="4" mb="0" cb="0"/><line nr="59" mi="0" ci="11" mb="1" cb="3"/><line nr="60" mi="0" ci="11" mb="0" cb="0"/><line nr="62" mi="0" ci="4" mb="0" cb="0"/><line nr="67" mi="2" ci="0" mb="0" cb="0"/><line nr="79" mi="0" ci="2" mb="0" cb="0"/><line nr="80" mi="0" ci="3" mb="0" cb="0"/><line nr="81" mi="0" ci="3" mb="0" cb="0"/><line nr="82" mi="0" ci="3" mb="0" cb="0"/><line nr="83" mi="0" ci="1" mb="0" cb="0"/><line nr="87" mi="0" ci="4" mb="0" cb="0"/><line nr="88" mi="0" ci="4" mb="0" cb="0"/><line nr="90" mi="0" ci="9" mb="1" cb="4"/><line nr="92" mi="0" ci="4" mb="0" cb="0"/><line nr="94" mi="0" ci="4" mb="0" cb="0"/><line nr="96" mi="0" ci="4" mb="0" cb="0"/><line nr="98" mi="0" ci="4" mb="0" cb="2"/><line nr="99" mi="0" ci="5" mb="0" cb="0"/><line nr="101" mi="0" ci="4" mb="0" cb="0"/><line nr="104" mi="7" ci="0" mb="0" cb="0"/><line nr="110" mi="0" ci="10" mb="0" cb="0"/><line nr="115" mi="0" ci="8" mb="0" cb="0"/><line nr="116" mi="0" ci="2" mb="0" cb="0"/><line nr="121" mi="0" ci="4" mb="0" cb="0"/><line nr="124" mi="0" ci="7" mb="0" cb="0"/><line nr="127" mi="0" ci="6" mb="0" cb="0"/><line nr="128" mi="0" ci="6" mb="0" cb="0"/><line nr="131" mi="0" ci="6" mb="0" cb="0"/><line nr="132" mi="0" ci="7" mb="0" cb="0"/><line nr="133" mi="0" ci="4" mb="0" cb="0"/><line nr="136" mi="0" ci="4" mb="1" cb="1"/><line nr="137" mi="0" ci="4" mb="0" cb="0"/><line nr="141" mi="0" ci="6" mb="0" cb="0"/><line nr="144" mi="0" ci="6" mb="0" cb="0"/><line nr="145" mi="0" ci="7" mb="0" cb="0"/><line nr="146" mi="0" ci="4" mb="0" cb="0"/><line nr="150" mi="0" ci="3" mb="0" cb="0"/><line nr="155" mi="10" ci="0" mb="0" cb="0"/><line nr="166" mi="0" ci="2" mb="0" cb="0"/><line nr="167" mi="0" ci="6" mb="0" cb="4"/><line nr="168" mi="0" ci="5" mb="0" cb="0"/><line nr="171" mi="0" ci="6" mb="0" cb="0"/><line nr="172" mi="0" ci="1" mb="0" cb="0"/><line nr="181" mi="0" ci="4" mb="0" cb="0"/><line nr="182" mi="0" ci="4" mb="0" cb="0"/><line nr="184" mi="0" ci="16" mb="0" cb="2"/><line nr="185" mi="0" ci="4" mb="0" cb="2"/><line nr="187" mi="0" ci="4" mb="0" cb="2"/><line nr="188" mi="0" ci="6" mb="0" cb="0"/><line nr="192" mi="0" ci="4" mb="0" cb="0"/><line nr="193" mi="0" ci="4" mb="0" cb="0"/><line nr="194" mi="0" ci="9" mb="0" cb="0"/><line nr="195" mi="0" ci="1" mb="0" cb="0"/><line nr="198" mi="0" ci="3" mb="0" cb="0"/><line nr="199" mi="0" ci="7" mb="0" cb="0"/><line nr="200" mi="0" ci="1" mb="0" cb="0"/><line nr="201" mi="0" ci="6" mb="0" cb="0"/><line nr="202" mi="0" ci="1" mb="0" cb="0"/><line nr="207" mi="0" ci="4" mb="0" cb="2"/><line nr="208" mi="0" ci="3" mb="1" cb="1"/><line nr="209" mi="5" ci="0" mb="0" cb="0"/><line nr="211" mi="0" ci="5" mb="0" cb="0"/><line nr="216" mi="0" ci="4" mb="0" cb="0"/><line nr="225" mi="0" ci="11" mb="0" cb="4"/><line nr="226" mi="0" ci="9" mb="0" cb="4"/><line nr="231" mi="0" ci="4" mb="0" cb="0"/><line nr="236" mi="0" ci="4" mb="0" cb="0"/><line nr="241" mi="0" ci="4" mb="0" cb="0"/><line nr="246" mi="0" ci="6" mb="0" cb="0"/><counter type="INSTRUCTION" missed="24" covered="383"/><counter type="BRANCH" missed="6" covered="37"/><counter type="LINE" missed="4" covered="74"/><counter type="COMPLEXITY" missed="8" covered="34"/><counter type="METHOD" missed="2" covered="17"/><counter type="CLASS" missed="0" covered="3"/></sourcefile><sourcefile name="Expression.java"/><counter type="INSTRUCTION" missed="24" covered="383"/><counter type="BRANCH" missed="6" covered="37"/><counter type="LINE" missed="4" covered="74"/><counter type="COMPLEXITY" missed="8" covered="34"/><counter type="METHOD" missed="2" covered="17"/><counter type="CLASS" missed="0" covered="3"/></package><counter type="INSTRUCTION" missed="69" covered="795"/><counter type="BRANCH" missed="13" covered="73"/><counter type="LINE" missed="11" covered="161"/><counter type="COMPLEXITY" missed="18" covered="66"/><counter type="METHOD" missed="5" covered="34"/><counter type="CLASS" missed="0" covered="7"/></report>